This is pdfTeX, Version 3.141592653-2.6-1.40.25 (MiKTeX 24.1) (preloaded format=pdflatex 2024.3.28)  27 MAR 2026 13:39
entering extended mode
 restricted \write18 enabled.
 %&-line parsing enabled.
**./turbo_decoder_course_report.tex
(turbo_decoder_course_report.tex
LaTeX2e <2023-11-01> patch level 1
L3 programming layer <2024-01-04>

(C:\Users\Harshitha\AppData\Local\Programs\MiKTeX\tex/latex/ieeetran\IEEEtran.c
ls
Document Class: IEEEtran 2015/08/26 V1.8b by Michael Shell
-- See the "IEEEtran_HOWTO" manual for usage information.
-- http://www.michaelshell.org/tex/ieeetran/
\@IEEEtrantmpdimenA=\dimen140
\@IEEEtrantmpdimenB=\dimen141
\@IEEEtrantmpdimenC=\dimen142
\@IEEEtrantmpcountA=\count187
\@IEEEtrantmpcountB=\count188
\@IEEEtrantmpcountC=\count189
\@IEEEtrantmptoksA=\toks17
LaTeX Font Info:    Trying to load font information for OT1+ptm on input line 5
03.
(C:\Users\Harshitha\AppData\Local\Programs\MiKTeX\tex/latex/psnfss\ot1ptm.fd
File: ot1ptm.fd 2001/06/04 font definitions for OT1/ptm.
)
-- Using 8.5in x 11in (letter) paper.
-- Using PDF output.
\@IEEEnormalsizeunitybaselineskip=\dimen143
-- This is a 10 point document.
\CLASSINFOnormalsizebaselineskip=\dimen144
\CLASSINFOnormalsizeunitybaselineskip=\dimen145
\IEEEnormaljot=\dimen146
LaTeX Font Info:    Font shape `OT1/ptm/bx/n' in size <5> not available
(Font)              Font shape `OT1/ptm/b/n' tried instead on input line 1090.
LaTeX Font Info:    Font shape `OT1/ptm/bx/it' in size <5> not available
(Font)              Font shape `OT1/ptm/b/it' tried instead on input line 1090.

LaTeX Font Info:    Font shape `OT1/ptm/bx/n' in size <7> not available
(Font)              Font shape `OT1/ptm/b/n' tried instead on input line 1090.
LaTeX Font Info:    Font shape `OT1/ptm/bx/it' in size <7> not available
(Font)              Font shape `OT1/ptm/b/it' tried instead on input line 1090.

LaTeX Font Info:    Font shape `OT1/ptm/bx/n' in size <8> not available
(Font)              Font shape `OT1/ptm/b/n' tried instead on input line 1090.
LaTeX Font Info:    Font shape `OT1/ptm/bx/it' in size <8> not available
(Font)              Font shape `OT1/ptm/b/it' tried instead on input line 1090.

LaTeX Font Info:    Font shape `OT1/ptm/bx/n' in size <9> not available
(Font)              Font shape `OT1/ptm/b/n' tried instead on input line 1090.
LaTeX Font Info:    Font shape `OT1/ptm/bx/it' in size <9> not available
(Font)              Font shape `OT1/ptm/b/it' tried instead on input line 1090.

LaTeX Font Info:    Font shape `OT1/ptm/bx/n' in size <10> not available
(Font)              Font shape `OT1/ptm/b/n' tried instead on input line 1090.
LaTeX Font Info:    Font shape `OT1/ptm/bx/it' in size <10> not available
(Font)              Font shape `OT1/ptm/b/it' tried instead on input line 1090.

LaTeX Font Info:    Font shape `OT1/ptm/bx/n' in size <11> not available
(Font)              Font shape `OT1/ptm/b/n' tried instead on input line 1090.
LaTeX Font Info:    Font shape `OT1/ptm/bx/it' in size <11> not available
(Font)              Font shape `OT1/ptm/b/it' tried instead on input line 1090.

LaTeX Font Info:    Font shape `OT1/ptm/bx/n' in size <12> not available
(Font)              Font shape `OT1/ptm/b/n' tried instead on input line 1090.
LaTeX Font Info:    Font shape `OT1/ptm/bx/it' in size <12> not available
(Font)              Font shape `OT1/ptm/b/it' tried instead on input line 1090.

LaTeX Font Info:    Font shape `OT1/ptm/bx/n' in size <17> not available
(Font)              Font shape `OT1/ptm/b/n' tried instead on input line 1090.
LaTeX Font Info:    Font shape `OT1/ptm/bx/it' in size <17> not available
(Font)              Font shape `OT1/ptm/b/it' tried instead on input line 1090.

LaTeX Font Info:    Font shape `OT1/ptm/bx/n' in size <20> not available
(Font)              Font shape `OT1/ptm/b/n' tried instead on input line 1090.
LaTeX Font Info:    Font shape `OT1/ptm/bx/it' in size <20> not available
(Font)              Font shape `OT1/ptm/b/it' tried instead on input line 1090.

LaTeX Font Info:    Font shape `OT1/ptm/bx/n' in size <24> not available
(Font)              Font shape `OT1/ptm/b/n' tried instead on input line 1090.
LaTeX Font Info:    Font shape `OT1/ptm/bx/it' in size <24> not available
(Font)              Font shape `OT1/ptm/b/it' tried instead on input line 1090.

\IEEEquantizedlength=\dimen147
\IEEEquantizedlengthdiff=\dimen148
\IEEEquantizedtextheightdiff=\dimen149
\IEEEilabelindentA=\dimen150
\IEEEilabelindentB=\dimen151
\IEEEilabelindent=\dimen152
\IEEEelabelindent=\dimen153
\IEEEdlabelindent=\dimen154
\IEEElabelindent=\dimen155
\IEEEiednormlabelsep=\dimen156
\IEEEiedmathlabelsep=\dimen157
\IEEEiedtopsep=\skip48
\c@section=\count190
\c@subsection=\count191
\c@subsubsection=\count192
\c@paragraph=\count193
\c@IEEEsubequation=\count194
\abovecaptionskip=\skip49
\belowcaptionskip=\skip50
\c@figure=\count195
\c@table=\count196
\@IEEEeqnnumcols=\count197
\@IEEEeqncolcnt=\count198
\@IEEEsubeqnnumrollback=\count199
\@IEEEquantizeheightA=\dimen158
\@IEEEquantizeheightB=\dimen159
\@IEEEquantizeheightC=\dimen160
\@IEEEquantizeprevdepth=\dimen161
\@IEEEquantizemultiple=\count266
\@IEEEquantizeboxA=\box51
\@IEEEtmpitemindent=\dimen162
\IEEEPARstartletwidth=\dimen163
\c@IEEEbiography=\count267
\@IEEEtranrubishbin=\box52
) (C:\Users\Harshitha\AppData\Local\Programs\MiKTeX\tex/latex/base\fontenc.sty
Package: fontenc 2021/04/29 v2.0v Standard LaTeX package
LaTeX Font Info:    Trying to load font information for T1+ptm on input line 11
2.

(C:\Users\Harshitha\AppData\Local\Programs\MiKTeX\tex/latex/psnfss\t1ptm.fd
File: t1ptm.fd 2001/06/04 font definitions for T1/ptm.
))
(C:\Users\Harshitha\AppData\Local\Programs\MiKTeX\tex/latex/cite\cite.sty
LaTeX Info: Redefining \cite on input line 302.
LaTeX Info: Redefining \nocite on input line 332.
Package: cite 2015/02/27  v 5.5
)
(C:\Users\Harshitha\AppData\Local\Programs\MiKTeX\tex/latex/graphics\graphicx.s
ty
Package: graphicx 2021/09/16 v1.2d Enhanced LaTeX Graphics (DPC,SPQR)

(C:\Users\Harshitha\AppData\Local\Programs\MiKTeX\tex/latex/graphics\keyval.sty
Package: keyval 2022/05/29 v1.15 key=value parser (DPC)
\KV@toks@=\toks18
)
(C:\Users\Harshitha\AppData\Local\Programs\MiKTeX\tex/latex/graphics\graphics.s
ty
Package: graphics 2022/03/10 v1.4e Standard LaTeX Graphics (DPC,SPQR)

(C:\Users\Harshitha\AppData\Local\Programs\MiKTeX\tex/latex/graphics\trig.sty
Package: trig 2021/08/11 v1.11 sin cos tan (DPC)
)
(C:\Users\Harshitha\AppData\Local\Programs\MiKTeX\tex/latex/graphics-cfg\graphi
cs.cfg
File: graphics.cfg 2016/06/04 v1.11 sample graphics configuration
)
Package graphics Info: Driver file: pdftex.def on input line 107.

(C:\Users\Harshitha\AppData\Local\Programs\MiKTeX\tex/latex/graphics-def\pdftex
.def
File: pdftex.def 2022/09/22 v1.2b Graphics/color driver for pdftex
))
\Gin@req@height=\dimen164
\Gin@req@width=\dimen165
)
(C:\Users\Harshitha\AppData\Local\Programs\MiKTeX\tex/latex/booktabs\booktabs.s
ty
Package: booktabs 2020/01/12 v1.61803398 Publication quality tables
\heavyrulewidth=\dimen166
\lightrulewidth=\dimen167
\cmidrulewidth=\dimen168
\belowrulesep=\dimen169
\belowbottomsep=\dimen170
\aboverulesep=\dimen171
\abovetopsep=\dimen172
\cmidrulesep=\dimen173
\cmidrulekern=\dimen174
\defaultaddspace=\dimen175
\@cmidla=\count268
\@cmidlb=\count269
\@aboverulesep=\dimen176
\@belowrulesep=\dimen177
\@thisruleclass=\count270
\@lastruleclass=\count271
\@thisrulewidth=\dimen178
) (C:\Users\Harshitha\AppData\Local\Programs\MiKTeX\tex/latex/tools\array.sty
Package: array 2023/10/16 v2.5g Tabular extension package (FMi)
\col@sep=\dimen179
\ar@mcellbox=\box53
\extrarowheight=\dimen180
\NC@list=\toks19
\extratabsurround=\skip51
\backup@length=\skip52
\ar@cellbox=\box54
) (C:\Users\Harshitha\AppData\Local\Programs\MiKTeX\tex/latex/subfig\subfig.sty
Package: subfig 2005/06/28 ver: 1.3 subfig package

(C:\Users\Harshitha\AppData\Local\Programs\MiKTeX\tex/latex/caption\caption3.st
y
Package: caption3 2023/07/31 v2.4d caption3 kernel (AR)
\caption@tempdima=\dimen181
\captionmargin=\dimen182
\caption@leftmargin=\dimen183
\caption@rightmargin=\dimen184
\caption@width=\dimen185
\caption@indent=\dimen186
\caption@parindent=\dimen187
\caption@hangindent=\dimen188
Package caption Info: Unknown document class (or package),
(caption)             standard defaults will be used.
Package caption Info: \@makecaption = \long macro:#1#2->\ifx \@captype \@IEEEta
blestring \footnotesize \bgroup \par \centering \@IEEEtabletopskipstrut {\norma
lfont \footnotesize #1}\\{\normalfont \footnotesize \scshape #2}\par \addvspace
 {0.5\baselineskip }\egroup \@IEEEtablecaptionsepspace \else \@IEEEfigurecaptio
nsepspace \setbox \@tempboxa \hbox {\normalfont \footnotesize {#1.}\nobreakspac
e \nobreakspace #2}\ifdim \wd \@tempboxa >\hsize \setbox \@tempboxa \hbox {\nor
malfont \footnotesize {#1.}\nobreakspace \nobreakspace }\parbox [t]{\hsize }{\n
ormalfont \footnotesize \noindent \unhbox \@tempboxa #2}\else \ifCLASSOPTIONcon
ference \hbox to\hsize {\normalfont \footnotesize \hfil \box \@tempboxa \hfil }
\else \hbox to\hsize {\normalfont \footnotesize \box \@tempboxa \hfil }\fi \fi 
\fi  on input line 1175.
)
\c@KVtest=\count272
\sf@farskip=\skip53
\sf@captopadj=\dimen189
\sf@capskip=\skip54
\sf@nearskip=\skip55
\c@subfigure=\count273
\c@subfigure@save=\count274
\c@lofdepth=\count275
\c@subtable=\count276
\c@subtable@save=\count277
\c@lotdepth=\count278
\sf@top=\skip56
\sf@bottom=\skip57
) (C:\Users\Harshitha\AppData\Local\Programs\MiKTeX\tex/latex/url\url.sty
\Urlmuskip=\muskip16
Package: url 2013/09/16  ver 3.4  Verb mode for urls, etc.
)
(C:\Users\Harshitha\AppData\Local\Programs\MiKTeX\tex/latex/xcolor\xcolor.sty
Package: xcolor 2023/11/15 v3.01 LaTeX color extensions (UK)

(C:\Users\Harshitha\AppData\Local\Programs\MiKTeX\tex/latex/graphics-cfg\color.
cfg
File: color.cfg 2016/01/02 v1.6 sample color configuration
)
Package xcolor Info: Driver file: pdftex.def on input line 274.

(C:\Users\Harshitha\AppData\Local\Programs\MiKTeX\tex/latex/graphics\mathcolor.
ltx)
Package xcolor Info: Model `cmy' substituted by `cmy0' on input line 1350.
Package xcolor Info: Model `hsb' substituted by `rgb' on input line 1354.
Package xcolor Info: Model `RGB' extended on input line 1366.
Package xcolor Info: Model `HTML' substituted by `rgb' on input line 1368.
Package xcolor Info: Model `Hsb' substituted by `hsb' on input line 1369.
Package xcolor Info: Model `tHsb' substituted by `hsb' on input line 1370.
Package xcolor Info: Model `HSB' substituted by `hsb' on input line 1371.
Package xcolor Info: Model `Gray' substituted by `gray' on input line 1372.
Package xcolor Info: Model `wave' substituted by `hsb' on input line 1373.
)
(C:\Users\Harshitha\AppData\Local\Programs\MiKTeX\tex/latex/siunitx\siunitx.sty
Package: siunitx 2025-07-09 v3.4.14 A comprehensive (SI) units package
\l__siunitx_number_uncert_offset_int=\count279
\l__siunitx_number_exponent_fixed_int=\count280
\l__siunitx_number_min_decimal_int=\count281
\l__siunitx_number_min_integer_int=\count282
\l__siunitx_number_round_precision_int=\count283
\l__siunitx_number_lower_threshold_int=\count284
\l__siunitx_number_upper_threshold_int=\count285
\l__siunitx_number_group_first_int=\count286
\l__siunitx_number_group_size_int=\count287
\l__siunitx_number_group_minimum_int=\count288
\l__siunitx_angle_tmp_dim=\dimen190
\l__siunitx_angle_marker_box=\box55
\l__siunitx_angle_unit_box=\box56
\l__siunitx_compound_count_int=\count289

(C:\Users\Harshitha\AppData\Local\Programs\MiKTeX\tex/latex/translations\transl
ations.sty
Package: translations 2022/02/05 v1.12 internationalization of LaTeX2e packages
 (CN)

(C:\Users\Harshitha\AppData\Local\Programs\MiKTeX\tex/latex/etoolbox\etoolbox.s
ty
Package: etoolbox 2020/10/05 v2.5k e-TeX tools for LaTeX (JAW)
\etb@tempcnta=\count290
)
(C:\Users\Harshitha\AppData\Local\Programs\MiKTeX\tex/generic/pdftexcmds\pdftex
cmds.sty
Package: pdftexcmds 2020-06-27 v0.33 Utility functions of pdfTeX for LuaTeX (HO
)

(C:\Users\Harshitha\AppData\Local\Programs\MiKTeX\tex/generic/infwarerr\infware
rr.sty
Package: infwarerr 2019/12/03 v1.5 Providing info/warning/error messages (HO)
)
(C:\Users\Harshitha\AppData\Local\Programs\MiKTeX\tex/generic/iftex\iftex.sty
Package: iftex 2022/02/03 v1.0f TeX engine tests
)
(C:\Users\Harshitha\AppData\Local\Programs\MiKTeX\tex/generic/ltxcmds\ltxcmds.s
ty
Package: ltxcmds 2023-12-04 v1.26 LaTeX kernel commands for general use (HO)
)
Package pdftexcmds Info: \pdf@primitive is available.
Package pdftexcmds Info: \pdf@ifprimitive is available.
Package pdftexcmds Info: \pdfdraftmode found.
))
(C:\Users\Harshitha\AppData\Local\Programs\MiKTeX\tex/latex/amsmath\amstext.sty
Package: amstext 2021/08/26 v2.01 AMS text
(C:\Users\Harshitha\AppData\Local\Programs\MiKTeX\tex/latex/amsmath\amsgen.sty
File: amsgen.sty 1999/11/30 v2.0 generic functions
\@emptytoks=\toks20
\ex@=\dimen191
))
\l__siunitx_table_tmp_box=\box57
\l__siunitx_table_tmp_dim=\dimen192
\l__siunitx_table_column_width_dim=\dimen193
\l__siunitx_table_integer_box=\box58
\l__siunitx_table_decimal_box=\box59
\l__siunitx_table_uncert_box=\box60
\l__siunitx_table_before_box=\box61
\l__siunitx_table_after_box=\box62
\l__siunitx_table_before_dim=\dimen194
\l__siunitx_table_carry_dim=\dimen195
\l__siunitx_unit_tmp_int=\count291
\l__siunitx_unit_position_int=\count292
\l__siunitx_unit_total_int=\count293
)
Package translations Info: No language package found. I am going to use `englis
h' as default language. on input line 21.

(C:\Users\Harshitha\AppData\Local\Programs\MiKTeX\tex/latex/l3backend\l3backend
-pdftex.def
File: l3backend-pdftex.def 2024-01-04 L3 backend support: PDF output (pdfTeX)
\l__color_backend_stack_int=\count294
\l__pdf_internal_box=\box63
) (turbo_decoder_course_report.aux)
\openout1 = `turbo_decoder_course_report.aux'.

LaTeX Font Info:    Checking defaults for OML/cmm/m/it on input line 21.
LaTeX Font Info:    ... okay on input line 21.
LaTeX Font Info:    Checking defaults for OMS/cmsy/m/n on input line 21.
LaTeX Font Info:    ... okay on input line 21.
LaTeX Font Info:    Checking defaults for OT1/cmr/m/n on input line 21.
LaTeX Font Info:    ... okay on input line 21.
LaTeX Font Info:    Checking defaults for T1/cmr/m/n on input line 21.
LaTeX Font Info:    ... okay on input line 21.
LaTeX Font Info:    Checking defaults for TS1/cmr/m/n on input line 21.
LaTeX Font Info:    ... okay on input line 21.
LaTeX Font Info:    Checking defaults for OMX/cmex/m/n on input line 21.
LaTeX Font Info:    ... okay on input line 21.
LaTeX Font Info:    Checking defaults for U/cmr/m/n on input line 21.
LaTeX Font Info:    ... okay on input line 21.

-- Lines per column: 56 (exact).

(C:\Users\Harshitha\AppData\Local\Programs\MiKTeX\tex/context/base/mkii\supp-pd
f.mkii
[Loading MPS to PDF converter (version 2006.09.02).]
\scratchcounter=\count295
\scratchdimen=\dimen196
\scratchbox=\box64
\nofMPsegments=\count296
\nofMParguments=\count297
\everyMPshowfont=\toks21
\MPscratchCnt=\count298
\MPscratchDim=\dimen197
\MPnumerator=\count299
\makeMPintoPDFobject=\count300
\everyMPtoPDFconversion=\toks22
)
(C:\Users\Harshitha\AppData\Local\Programs\MiKTeX\tex/latex/epstopdf-pkg\epstop
df-base.sty
Package: epstopdf-base 2020-01-24 v2.11 Base part for package epstopdf
Package epstopdf-base Info: Redefining graphics rule for `.eps' on input line 4
85.

(C:\Users\Harshitha\AppData\Local\Programs\MiKTeX\tex/latex/00miktex\epstopdf-s
ys.cfg
File: epstopdf-sys.cfg 2021/03/18 v2.0 Configuration of epstopdf for MiKTeX
))
Package caption Info: Begin \AtBeginDocument code.
Package caption Info: subfig package v1.3 is loaded.
Package caption Info: End \AtBeginDocument code.

(C:\Users\Harshitha\AppData\Local\Programs\MiKTeX\tex/latex/translations/dicts\
translations-basic-dictionary-english.trsl
File: translations-basic-dictionary-english.trsl (english translation file `tra
nslations-basic-dictionary')
)
Package translations Info: loading dictionary `translations-basic-dictionary' f
or `english'. on input line 21.
LaTeX Font Info:    Trying to load font information for T1+pcr on input line 25
.

(C:\Users\Harshitha\AppData\Local\Programs\MiKTeX\tex/latex/psnfss\t1pcr.fd
File: t1pcr.fd 2001/06/04 font definitions for T1/pcr.
)
LaTeX Font Info:    External font `cmex10' loaded for size
(Font)              <9> on input line 25.
LaTeX Font Info:    External font `cmex10' loaded for size
(Font)              <6> on input line 25.
LaTeX Font Info:    External font `cmex10' loaded for size
(Font)              <5> on input line 25.
LaTeX Font Info:    External font `cmex10' loaded for size
(Font)              <7> on input line 38.

[1{C:/Users/Harshitha/AppData/Local/MiKTeX/fonts/map/pdftex/pdftex.map}{C:/User
s/Harshitha/AppData/Local/Programs/MiKTeX/fonts/enc/dvips/base/8r.enc}


]
Underfull \hbox (badness 3965) in paragraph at lines 73--74
[]\T1/ptm/m/n/10 BRAM-backed mem-o-ries re-placed more dis-tributed
 []

<figures/simulation1.jpeg, id=17, 1586.92876pt x 913.4125pt>
File: figures/simulation1.jpeg Graphic file (type jpg)
<use figures/simulation1.jpeg>
Package pdftex.def Info: figures/simulation1.jpeg  used on input line 109.
(pdftex.def)             Requested size: 252.0pt x 145.03398pt.
LaTeX Font Info:    External font `cmex10' loaded for size
(Font)              <8> on input line 110.
<figures/report1.jpeg, id=18, 767.86874pt x 303.1325pt>
File: figures/report1.jpeg Graphic file (type jpg)
<use figures/report1.jpeg>
Package pdftex.def Info: figures/report1.jpeg  used on input line 116.
(pdftex.def)             Requested size: 252.0pt x 99.47897pt.
[2 <./figures/simulation1.jpeg> <./figures/report1.jpeg>]
<figures/simulation2.jpeg, id=26, 2569.6pt x 980.66376pt>
File: figures/simulation2.jpeg Graphic file (type jpg)
<use figures/simulation2.jpeg>
Package pdftex.def Info: figures/simulation2.jpeg  used on input line 128.
(pdftex.def)             Requested size: 252.0pt x 96.17172pt.
<figures/new_report_2.png, id=27, 522.15076pt x 196.93575pt>
File: figures/new_report_2.png Graphic file (type png)
<use figures/new_report_2.png>
Package pdftex.def Info: figures/new_report_2.png  used on input line 135.
(pdftex.def)             Requested size: 252.0pt x 95.04492pt.
<figures/single_siso_timing_visual.png, id=29, 1053.9375pt x 572.1375pt>
File: figures/single_siso_timing_visual.png Graphic file (type png)
<use figures/single_siso_timing_visual.png>
Package pdftex.def Info: figures/single_siso_timing_visual.png  used on input l
ine 144.
(pdftex.def)             Requested size: 247.6778pt x 134.45232pt.

Underfull \hbox (badness 10000) in paragraph at lines 144--144
[]\T1/ptm/m/n/8 (a) |Tim-ing sum-mary ex-tracted from
 []

<figures/single_siso_power_visual.png, id=30, 1053.9375pt x 572.1375pt>
File: figures/single_siso_power_visual.png Graphic file (type png)
<use figures/single_siso_power_visual.png>
Package pdftex.def Info: figures/single_siso_power_visual.png  used on input li
ne 146.
(pdftex.def)             Requested size: 247.6778pt x 134.45232pt.

Underfull \hbox (badness 1502) in paragraph at lines 152--153
[]\T1/ptm/m/n/10 All re-sults re-ported here re-fer to the cur-rent VHDL
 []


Underfull \hbox (badness 4341) in paragraph at lines 152--153
\T1/ptm/m/n/10 RTL syn-the-sized for \T1/pcr/m/n/10 xc7z010clg400-1\T1/ptm/m/n/
10 . The ac-tive
 []


Underfull \hbox (badness 10000) in paragraph at lines 152--153
\T1/ptm/m/n/10 top is \T1/pcr/m/n/10 turbo_decoder_top\T1/ptm/m/n/10 ; it in-st
an-ti-ates one
 []


Underfull \hbox (badness 7415) in paragraph at lines 152--153
\T1/pcr/m/n/10 siso_maxlogmap \T1/ptm/m/n/10 with ex-ter-nal pair fetch en-able
d,
 []


Overfull \hbox (3.83954pt too wide) in paragraph at lines 159--179
 [][] 
 []


Underfull \hbox (badness 10000) in paragraph at lines 181--189
[]\T1/ptm/m/n/10 The sim-u-la-tion and eval-u-a-tion data are
 []


Underfull \hbox (badness 10000) in paragraph at lines 181--189
\T1/ptm/m/n/10 also ex-plicit. The RTL test-bench con-sumes
 []


Underfull \hbox (badness 10000) in paragraph at lines 181--189
\T1/pcr/m/n/10 lte_frame_input_vectors.txt\T1/ptm/m/n/10 , whose first row
 []

<figures/resource_evolution.png, id=31, 513.92pt x 456.104pt>
File: figures/resource_evolution.png Graphic file (type png)
<use figures/resource_evolution.png>
Package pdftex.def Info: figures/resource_evolution.png  used on input line 221
.
(pdftex.def)             Requested size: 252.0pt x 223.65298pt.
[3 <./figures/simulation2.jpeg> <./figures/new_report_2.png>]
Underfull \vbox (badness 1038) has occurred while \output is active []

<figures/ber_fer_k3200_halfiter11_heavy.png, id=40, 674.0382pt x 406.1574pt>
File: figures/ber_fer_k3200_halfiter11_heavy.png Graphic file (type png)
<use figures/ber_fer_k3200_halfiter11_heavy.png>
Package pdftex.def Info: figures/ber_fer_k3200_halfiter11_heavy.png  used on in
put line 235.
(pdftex.def)             Requested size: 247.6778pt x 149.2409pt.
<figures/ber_compare_model_vs_rtl_k3200.png, id=41, 674.0382pt x 406.1574pt>
File: figures/ber_compare_model_vs_rtl_k3200.png Graphic file (type png)
<use figures/ber_compare_model_vs_rtl_k3200.png>
Package pdftex.def Info: figures/ber_compare_model_vs_rtl_k3200.png  used on in
put line 237.
(pdftex.def)             Requested size: 247.6778pt x 149.2409pt.
<figures/ber_fer_k6144_halfiter11_heavy.png, id=42, 674.0382pt x 406.1574pt>
File: figures/ber_fer_k6144_halfiter11_heavy.png Graphic file (type png)
<use figures/ber_fer_k6144_halfiter11_heavy.png>
Package pdftex.def Info: figures/ber_fer_k6144_halfiter11_heavy.png  used on in
put line 238.
(pdftex.def)             Requested size: 247.6778pt x 149.2409pt.
<figures/ber_compare_model_vs_rtl_k6144.png, id=43, 674.0382pt x 406.1574pt>
File: figures/ber_compare_model_vs_rtl_k6144.png Graphic file (type png)
<use figures/ber_compare_model_vs_rtl_k6144.png>
Package pdftex.def Info: figures/ber_compare_model_vs_rtl_k6144.png  used on in
put line 240.
(pdftex.def)             Requested size: 247.6778pt x 149.2409pt.
 [4 <./figures/single_siso_timing_visual.png> <./figures/single_siso_power_visu
al.png> <./figures/resource_evolution.png>]

** Conference Paper **
Before submitting the final camera ready copy, remember to:

 1. Manually equalize the lengths of two columns on the last page
 of your paper;

 2. Ensure that any PostScript and/or PDF output post-processing
 uses only Type 1 fonts and that every step in the generation
 process uses the appropriate paper size.

[5

 <./figures/ber_fer_k3200_halfiter11_heavy.png (PNG copy)> <./figures/ber_compa
re_model_vs_rtl_k3200.png (PNG copy)> <./figures/ber_fer_k6144_halfiter11_heavy
.png (PNG copy)> <./figures/ber_compare_model_vs_rtl_k6144.png (PNG copy)>]
(turbo_decoder_course_report.aux)
 ***********
LaTeX2e <2023-11-01> patch level 1
L3 programming layer <2024-01-04>
 ***********
 ) 
Here is how much of TeX's memory you used:
 8888 strings out of 474486
 209619 string characters out of 5741867
 1951542 words of memory out of 5000000
 31098 multiletter control sequences out of 15000+600000
 674390 words of font info for 154 fonts, out of 8000000 for 9000
 1141 hyphenation exceptions out of 8191
 73i,13n,80p,1156b,711s stack positions out of 10000i,1000n,20000p,200000b,200000s
<C:/Users/Harshitha/AppData/Local/Programs/MiKTeX/fonts/type1/public/amsfonts
/cm/cmbx10.pfb><C:/Users/Harshitha/AppData/Local/Programs/MiKTeX/fonts/type1/pu
blic/amsfonts/cm/cmmi10.pfb><C:/Users/Harshitha/AppData/Local/Programs/MiKTeX/f
onts/type1/public/amsfonts/cm/cmmi7.pfb><C:/Users/Harshitha/AppData/Local/Progr
ams/MiKTeX/fonts/type1/public/amsfonts/cm/cmmi8.pfb><C:/Users/Harshitha/AppData
/Local/Programs/MiKTeX/fonts/type1/public/amsfonts/cm/cmmi9.pfb><C:/Users/Harsh
itha/AppData/Local/Programs/MiKTeX/fonts/type1/public/amsfonts/cm/cmr10.pfb><C:
/Users/Harshitha/AppData/Local/Programs/MiKTeX/fonts/type1/public/amsfonts/cm/c
mr6.pfb><C:/Users/Harshitha/AppData/Local/Programs/MiKTeX/fonts/type1/public/am
sfonts/cm/cmr7.pfb><C:/Users/Harshitha/AppData/Local/Programs/MiKTeX/fonts/type
1/public/amsfonts/cm/cmr8.pfb><C:/Users/Harshitha/AppData/Local/Programs/MiKTeX
/fonts/type1/public/amsfonts/cm/cmr9.pfb><C:/Users/Harshitha/AppData/Local/Prog
rams/MiKTeX/fonts/type1/public/amsfonts/cm/cmsy10.pfb><C:/Users/Harshitha/AppDa
ta/Local/Programs/MiKTeX/fonts/type1/public/amsfonts/cm/cmsy7.pfb><C:/Users/Har
shitha/AppData/Local/Programs/MiKTeX/fonts/type1/public/amsfonts/cm/cmsy8.pfb><
C:/Users/Harshitha/AppData/Local/Programs/MiKTeX/fonts/type1/public/amsfonts/cm
/cmsy9.pfb><C:/Users/Harshitha/AppData/Local/Programs/MiKTeX/fonts/type1/urw/co
urier/ucrb8a.pfb><C:/Users/Harshitha/AppData/Local/Programs/MiKTeX/fonts/type1/
urw/courier/ucrr8a.pfb><C:/Users/Harshitha/AppData/Local/Programs/MiKTeX/fonts/
type1/urw/times/utmb8a.pfb><C:/Users/Harshitha/AppData/Local/Programs/MiKTeX/fo
nts/type1/urw/times/utmbi8a.pfb><C:/Users/Harshitha/AppData/Local/Programs/MiKT
eX/fonts/type1/urw/times/utmr8a.pfb><C:/Users/Harshitha/AppData/Local/Programs/
MiKTeX/fonts/type1/urw/times/utmri8a.pfb>
Output written on turbo_decoder_course_report.pdf (5 pages, 1212267 bytes).
PDF statistics:
 135 PDF objects out of 1000 (max. 8388607)
 0 named destinations out of 1000 (max. 500000)
 56 words of extra memory for PDF output out of 10000 (max. 10000000)

